{
  "RSpec": {
    "coverage": {
      "/home/ilduchea/Epicodus/Marios_Specialty_Foods/spec/controllers/products_controller_spec.rb": [
        null,
        null,
        null,
        null,
        null,
        null,
        null,
        null,
        null,
        null
      ],
      "/home/ilduchea/Epicodus/Marios_Specialty_Foods/spec/features/product_feature_spec.rb": [
        1,
        1,
        null,
        1,
        1,
        3,
        null,
        null,
        null,
        null,
        null,
        null,
        1,
        1,
        1,
        1,
        1,
        1,
        1,
        1,
        null,
        null,
        1,
        1,
        1,
        1,
        1,
        1,
        null,
        null,
        1,
        1,
        1,
        1,
        1,
        1,
        1,
        null,
        null,
        1,
        1,
        1,
        1,
        null,
        null,
        null,
        null
      ],
      "/home/ilduchea/Epicodus/Marios_Specialty_Foods/spec/rails_helper.rb": [
        null,
        1,
        1,
        1,
        null,
        1,
        1,
        null,
        null,
        null,
        null,
        null,
        null,
        null,
        null,
        null,
        null,
        null,
        null,
        null,
        null,
        null,
        null,
        null,
        null,
        null,
        1,
        null,
        1,
        null,
        1,
        null,
        null,
        null,
        null,
        1,
        null,
        null,
        null,
        null,
        null,
        null,
        null,
        null,
        null,
        null,
        null,
        null,
        null,
        null,
        1,
        null,
        null,
        1,
        null,
        null,
        null,
        null,
        1,
        1,
        1,
        1,
        null,
        null
      ],
      "/home/ilduchea/Epicodus/Marios_Specialty_Foods/config/environment.rb": [
        null,
        1,
        null,
        null,
        1
      ],
      "/home/ilduchea/Epicodus/Marios_Specialty_Foods/config/application.rb": [
        1,
        null,
        1,
        null,
        1,
        1,
        1,
        1,
        1,
        1,
        1,
        1,
        null,
        null,
        null,
        null,
        1,
        null,
        1,
        1,
        null,
        1,
        null,
        null,
        null,
        null,
        null,
        null,
        1,
        null,
        null
      ],
      "/home/ilduchea/Epicodus/Marios_Specialty_Foods/config/boot.rb": [
        1,
        null,
        1
      ],
      "/home/ilduchea/Epicodus/Marios_Specialty_Foods/config/environments/test.rb": [
        1,
        null,
        null,
        null,
        null,
        null,
        null,
        1,
        null,
        null,
        null,
        null,
        1,
        null,
        null,
        1,
        1,
        null,
        null,
        null,
        null,
        1,
        1,
        null,
        null,
        1,
        null,
        null,
        1,
        1,
        null,
        null,
        null,
        null,
        1,
        null,
        null,
        1,
        null,
        null,
        null,
        null
      ],
      "/home/ilduchea/Epicodus/Marios_Specialty_Foods/config/initializers/application_controller_renderer.rb": [
        null,
        null,
        null,
        null,
        null,
        null
      ],
      "/home/ilduchea/Epicodus/Marios_Specialty_Foods/config/initializers/assets.rb": [
        null,
        null,
        null,
        1,
        null,
        null,
        null,
        null,
        1,
        null,
        null,
        null,
        null,
        null
      ],
      "/home/ilduchea/Epicodus/Marios_Specialty_Foods/config/initializers/backtrace_silencers.rb": [
        null,
        null,
        null,
        null,
        null,
        null,
        null
      ],
      "/home/ilduchea/Epicodus/Marios_Specialty_Foods/config/initializers/cookies_serializer.rb": [
        null,
        null,
        null,
        null,
        1
      ],
      "/home/ilduchea/Epicodus/Marios_Specialty_Foods/config/initializers/filter_parameter_logging.rb": [
        null,
        null,
        null,
        1
      ],
      "/home/ilduchea/Epicodus/Marios_Specialty_Foods/config/initializers/inflections.rb": [
        null,
        null,
        null,
        null,
        null,
        null,
        null,
        null,
        null,
        null,
        null,
        null,
        null,
        null,
        null,
        null
      ],
      "/home/ilduchea/Epicodus/Marios_Specialty_Foods/config/initializers/mime_types.rb": [
        null,
        null,
        null,
        null
      ],
      "/home/ilduchea/Epicodus/Marios_Specialty_Foods/config/initializers/wrap_parameters.rb": [
        null,
        null,
        null,
        null,
        null,
        null,
        1,
        2,
        null,
        null,
        null,
        null,
        null,
        null
      ],
      "/home/ilduchea/Epicodus/Marios_Specialty_Foods/app/channels/application_cable/channel.rb": [
        1,
        1,
        null,
        null
      ],
      "/home/ilduchea/Epicodus/Marios_Specialty_Foods/app/channels/application_cable/connection.rb": [
        1,
        1,
        null,
        null
      ],
      "/home/ilduchea/Epicodus/Marios_Specialty_Foods/app/controllers/application_controller.rb": [
        1,
        1,
        null
      ],
      "/home/ilduchea/Epicodus/Marios_Specialty_Foods/app/helpers/application_helper.rb": [
        1,
        null
      ],
      "/home/ilduchea/Epicodus/Marios_Specialty_Foods/app/controllers/products_controller.rb": [
        1,
        null,
        1,
        1,
        1,
        null,
        null,
        1,
        2,
        2,
        null,
        null,
        1,
        5,
        null,
        null,
        1,
        1,
        null,
        null,
        1,
        1,
        1,
        1,
        1,
        null,
        0,
        null,
        null,
        null,
        1,
        1,
        null,
        null,
        1,
        1,
        1,
        1,
        1,
        null,
        0,
        null,
        null,
        null,
        1,
        1,
        1,
        1,
        1,
        null,
        null,
        null,
        1,
        1,
        null,
        2,
        null,
        null
      ],
      "/home/ilduchea/Epicodus/Marios_Specialty_Foods/app/controllers/reviews_controller.rb": [
        1,
        null,
        1,
        1,
        1,
        1,
        1,
        null,
        null,
        1,
        1,
        1,
        null,
        null
      ],
      "/home/ilduchea/Epicodus/Marios_Specialty_Foods/app/jobs/application_job.rb": [
        1,
        null
      ],
      "/home/ilduchea/Epicodus/Marios_Specialty_Foods/app/mailers/application_mailer.rb": [
        1,
        1,
        1,
        null
      ],
      "/home/ilduchea/Epicodus/Marios_Specialty_Foods/app/models/application_record.rb": [
        1,
        1,
        null
      ],
      "/home/ilduchea/Epicodus/Marios_Specialty_Foods/app/models/product.rb": [
        1,
        1,
        null,
        1,
        null,
        1,
        null,
        null,
        null,
        null,
        2,
        null,
        null,
        3,
        null,
        4,
        null,
        null
      ],
      "/home/ilduchea/Epicodus/Marios_Specialty_Foods/app/models/review.rb": [
        1,
        1,
        null,
        1,
        1,
        1,
        1,
        null
      ],
      "/home/ilduchea/Epicodus/Marios_Specialty_Foods/config/routes.rb": [
        1,
        1,
        null,
        1,
        1,
        null,
        null,
        null,
        null
      ],
      "/home/ilduchea/Epicodus/Marios_Specialty_Foods/spec/models/product_spec.rb": [
        1,
        1,
        null,
        1,
        2,
        null,
        2,
        2,
        2,
        null,
        1,
        3,
        null,
        null,
        null,
        null,
        null,
        null,
        1,
        3,
        null,
        null,
        null,
        null,
        null,
        null,
        1,
        1,
        1,
        1,
        4,
        null,
        null,
        null,
        null,
        null,
        1,
        null,
        null,
        null,
        1,
        1,
        1,
        1,
        1,
        null,
        null,
        null,
        1,
        1,
        1,
        1,
        1,
        null,
        null,
        null
      ],
      "/home/ilduchea/Epicodus/Marios_Specialty_Foods/spec/models/review_spec.rb": [
        1,
        null,
        1,
        2,
        2,
        2,
        2,
        2,
        2,
        null,
        null,
        null
      ]
    },
    "timestamp": 1499480774
  }
}
